[0101/231536.256:ERROR:process_reader_win.cc(123)] NtOpenThread: {Access Denied} A process has requested access to an object, but has not been granted those access rights. (0xc0000022)
[0101/231537.335:ERROR:exception_snapshot_win.cc(99)] thread ID 3484 not found in process
[0101/231536.662:ERROR:process_reader_win.cc(123)] NtOpenThread: {Access Denied} A process has requested access to an object, but has not been granted those access rights. (0xc0000022)
[0101/231536.256:ERROR:process_reader_win.cc(123)] NtOpenThread: {Access Denied} A process has requested access to an object, but has not been granted those access rights. (0xc0000022)
[0101/231537.337:ERROR:exception_snapshot_win.cc(99)] thread ID 3896 not found in process
[0101/231537.337:ERROR:exception_snapshot_win.cc(99)] thread ID 3764 not found in process
[0104/085824.427:ERROR:scoped_process_suspend.cc(31)] NtSuspendProcess: An attempt was made to access an exiting process. (0xc000010a)
[0104/085824.765:ERROR:process_info.cc(118)] ReadProcessMemory bool __cdecl crashpad::(anonymous namespace)::ReadStruct(HANDLE, crashpad::WinVMAddress, T *) [T = crashpad::process_types::PEB<crashpad::process_types::internal::Traits64>]: Only part of a ReadProcessMemory or WriteProcessMemory request was completed. (0x12B)
[0104/085824.881:ERROR:process_info.cc(551)] ReadProcessData failed
[0104/085824.881:ERROR:process_info.cc(118)] ReadProcessMemory bool __cdecl crashpad::(anonymous namespace)::ReadStruct(HANDLE, crashpad::WinVMAddress, T *) [T = crashpad::process_types::PEB<crashpad::process_types::internal::Traits64>]: Only part of a ReadProcessMemory or WriteProcessMemory request was completed. (0x12B)
[0104/085824.881:ERROR:process_info.cc(551)] ReadProcessData failed
[0104/085824.756:ERROR:process_info.cc(118)] ReadProcessMemory bool __cdecl crashpad::(anonymous namespace)::ReadStruct(HANDLE, crashpad::WinVMAddress, T *) [T = crashpad::process_types::PEB<crashpad::process_types::internal::Traits64>]: Only part of a ReadProcessMemory or WriteProcessMemory request was completed. (0x12B)
[0104/085824.730:ERROR:process_info.cc(118)] ReadProcessMemory bool __cdecl crashpad::(anonymous namespace)::ReadStruct(HANDLE, crashpad::WinVMAddress, T *) [T = crashpad::process_types::PEB<crashpad::process_types::internal::Traits64>]: Only part of a ReadProcessMemory or WriteProcessMemory request was completed. (0x12B)
[0104/085824.881:ERROR:process_info.cc(551)] ReadProcessData failed
[0104/085824.881:ERROR:process_info.cc(551)] ReadProcessData failed
[0104/085824.730:ERROR:process_info.cc(118)] ReadProcessMemory bool __cdecl crashpad::(anonymous namespace)::ReadStruct(HANDLE, crashpad::WinVMAddress, T *) [T = crashpad::process_types::PEB<crashpad::process_types::internal::Traits64>]: Only part of a ReadProcessMemory or WriteProcessMemory request was completed. (0x12B)
[0104/085824.881:ERROR:process_info.cc(551)] ReadProcessData failed
[0104/085824.881:ERROR:scoped_process_suspend.cc(40)] NtResumeProcess: An attempt was made to access an exiting process. (0xc000010a)
[0104/085824.730:ERROR:process_info.cc(118)] ReadProcessMemory bool __cdecl crashpad::(anonymous namespace)::ReadStruct(HANDLE, crashpad::WinVMAddress, T *) [T = crashpad::process_types::PEB<crashpad::process_types::internal::Traits64>]: Only part of a ReadProcessMemory or WriteProcessMemory request was completed. (0x12B)
[0104/085824.881:ERROR:process_info.cc(551)] ReadProcessData failed
[0104/085824.881:ERROR:scoped_process_suspend.cc(40)] NtResumeProcess: An attempt was made to access an exiting process. (0xc000010a)
[0104/085824.730:ERROR:process_info.cc(118)] ReadProcessMemory bool __cdecl crashpad::(anonymous namespace)::ReadStruct(HANDLE, crashpad::WinVMAddress, T *) [T = crashpad::process_types::PEB<crashpad::process_types::internal::Traits64>]: Only part of a ReadProcessMemory or WriteProcessMemory request was completed. (0x12B)
[0104/085824.881:ERROR:scoped_process_suspend.cc(40)] NtResumeProcess: An attempt was made to access an exiting process. (0xc000010a)
[0104/085824.881:ERROR:process_info.cc(551)] ReadProcessData failed
[0104/085824.882:ERROR:scoped_process_suspend.cc(40)] NtResumeProcess: An attempt was made to access an exiting process. (0xc000010a)
[0104/090408.023:ERROR:process_reader_win.cc(123)] NtOpenThread: {Access Denied} A process has requested access to an object, but has not been granted those access rights. (0xc0000022)
[0104/090408.025:ERROR:process_reader_win.cc(123)] NtOpenThread: {Access Denied} A process has requested access to an object, but has not been granted those access rights. (0xc0000022)
[0104/090408.023:ERROR:process_reader_win.cc(123)] NtOpenThread: {Access Denied} A process has requested access to an object, but has not been granted those access rights. (0xc0000022)
[0104/090408.023:ERROR:process_reader_win.cc(123)] NtOpenThread: {Access Denied} A process has requested access to an object, but has not been granted those access rights. (0xc0000022)
[0104/090408.023:ERROR:process_reader_win.cc(123)] NtOpenThread: {Access Denied} A process has requested access to an object, but has not been granted those access rights. (0xc0000022)
[0104/090408.064:ERROR:exception_snapshot_win.cc(99)] thread ID 2136 not found in process
[0104/090408.065:ERROR:exception_snapshot_win.cc(99)] thread ID 6112 not found in process
[0104/090408.065:ERROR:exception_snapshot_win.cc(99)] thread ID 6080 not found in process
[0104/090408.065:ERROR:exception_snapshot_win.cc(99)] thread ID 2108 not found in process
[0104/090408.065:ERROR:exception_snapshot_win.cc(99)] thread ID 6076 not found in process
